

***********************************************************************
Fatal NI connect error 12170, connecting to:
 (DESCRIPTION=(CONNECT_DATA=(SERVICE_NAME=CPAS)(CID=(PROGRAM=C:\php\php-8.1.13\php.exe)(HOST=CPAS2305)(USER=guillaume.cornez))(CONNECTION_ID=Oyg2CEGYQEylmkh94ZXr7g==))(ADDRESS=(PROTOCOL=tcp)(HOST=10.9.1.24)(PORT=1521)))

  VERSION INFORMATION:
	TNS for 64-bit Windows: Version 21.0.0.0.0 - Production
	Windows NT TCP/IP NT Protocol Adapter for 64-bit Windows: Version 21.0.0.0.0 - Production
  Version 21.7.0.0.0
  Time: 08-JUL-2023 11:52:38
  Tracing not turned on. Process Id = 17852 - Thread Id = 7192
  Tns error struct:
    ns main err code: 12535
    TNS-12535: TNS:operation timed out
    ns secondary err code: 12560
    nt main err code: 505
    TNS-00505: Operation timed out
    nt secondary err code: 60
    nt OS err code: 0


***********************************************************************
Fatal NI connect error 12170, connecting to:
 (DESCRIPTION=(CONNECT_DATA=(SERVICE_NAME=CPAS)(CID=(PROGRAM=C:\php\php-8.1.13\php.exe)(HOST=CPAS2305)(USER=guillaume.cornez))(CONNECTION_ID=MBhQ+KPTTuu/yv/UCecLwg==))(ADDRESS=(PROTOCOL=tcp)(HOST=10.9.1.24)(PORT=1521)))

  VERSION INFORMATION:
	TNS for 64-bit Windows: Version 21.0.0.0.0 - Production
	Windows NT TCP/IP NT Protocol Adapter for 64-bit Windows: Version 21.0.0.0.0 - Production
  Version 21.7.0.0.0
  Time: 08-JUL-2023 11:53:01
  Tracing not turned on. Process Id = 17852 - Thread Id = 7192
  Tns error struct:
    ns main err code: 12535
    TNS-12535: TNS:operation timed out
    ns secondary err code: 12560
    nt main err code: 505
    TNS-00505: Operation timed out
    nt secondary err code: 60
    nt OS err code: 0


***********************************************************************
Fatal NI connect error 12541, connecting to:
 (DESCRIPTION=(CONNECT_DATA=(SERVICE_NAME=CPAS)(CID=(PROGRAM=C:\php\php-8.1.13\php.exe)(HOST=CPAS2305)(USER=guillaume.cornez))(CONNECTION_ID=93FVVUDkR8aYocm0sEHSaw==))(ADDRESS=(PROTOCOL=tcp)(HOST=10.9.1.24)(PORT=1521)))

  VERSION INFORMATION:
	TNS for 64-bit Windows: Version 21.0.0.0.0 - Production
	Windows NT TCP/IP NT Protocol Adapter for 64-bit Windows: Version 21.0.0.0.0 - Production
  Version 21.7.0.0.0
  Time: 08-JUL-2023 12:41:29
  Tracing not turned on. Process Id = 17852 - Thread Id = 7192
  Tns error struct:
    ns main err code: 12541
    TNS-12541: TNS:no listener
    ns secondary err code: 12560
    nt main err code: 511
    TNS-00511: No listener
    nt secondary err code: 61
    nt OS err code: 0


***********************************************************************
Fatal NI connect error 12541, connecting to:
 (DESCRIPTION=(CONNECT_DATA=(SERVICE_NAME=CPAS)(CID=(PROGRAM=C:\php\php-8.1.13\php.exe)(HOST=CPAS2305)(USER=guillaume.cornez))(CONNECTION_ID=Hw3QZi6gRciJU8M1fmzuxQ==))(ADDRESS=(PROTOCOL=tcp)(HOST=10.9.1.24)(PORT=1521)))

  VERSION INFORMATION:
	TNS for 64-bit Windows: Version 21.0.0.0.0 - Production
	Windows NT TCP/IP NT Protocol Adapter for 64-bit Windows: Version 21.0.0.0.0 - Production
  Version 21.7.0.0.0
  Time: 08-JUL-2023 12:41:49
  Tracing not turned on. Process Id = 17852 - Thread Id = 7192
  Tns error struct:
    ns main err code: 12541
    TNS-12541: TNS:no listener
    ns secondary err code: 12560
    nt main err code: 511
    TNS-00511: No listener
    nt secondary err code: 61
    nt OS err code: 0


***********************************************************************
Fatal NI connect error 12541, connecting to:
 (DESCRIPTION=(CONNECT_DATA=(SERVICE_NAME=CPAS)(CID=(PROGRAM=C:\php\php-8.1.13\php.exe)(HOST=CPAS2305)(USER=guillaume.cornez))(CONNECTION_ID=uALjj7b5R5C65XukQ6U9vw==))(ADDRESS=(PROTOCOL=tcp)(HOST=10.9.1.24)(PORT=1521)))

  VERSION INFORMATION:
	TNS for 64-bit Windows: Version 21.0.0.0.0 - Production
	Windows NT TCP/IP NT Protocol Adapter for 64-bit Windows: Version 21.0.0.0.0 - Production
  Version 21.7.0.0.0
  Time: 08-JUL-2023 12:42:29
  Tracing not turned on. Process Id = 17852 - Thread Id = 7192
  Tns error struct:
    ns main err code: 12541
    TNS-12541: TNS:no listener
    ns secondary err code: 12560
    nt main err code: 511
    TNS-00511: No listener
    nt secondary err code: 61
    nt OS err code: 0


***********************************************************************
Fatal NI connect error 12541, connecting to:
 (DESCRIPTION=(CONNECT_DATA=(SERVICE_NAME=CPAS)(CID=(PROGRAM=C:\php\php-8.1.13\php.exe)(HOST=CPAS2305)(USER=guillaume.cornez))(CONNECTION_ID=v4j1d3cHQo2RBLbUH3Qeww==))(ADDRESS=(PROTOCOL=tcp)(HOST=10.9.1.24)(PORT=1521)))

  VERSION INFORMATION:
	TNS for 64-bit Windows: Version 21.0.0.0.0 - Production
	Windows NT TCP/IP NT Protocol Adapter for 64-bit Windows: Version 21.0.0.0.0 - Production
  Version 21.7.0.0.0
  Time: 08-JUL-2023 12:42:49
  Tracing not turned on. Process Id = 17852 - Thread Id = 7192
  Tns error struct:
    ns main err code: 12541
    TNS-12541: TNS:no listener
    ns secondary err code: 12560
    nt main err code: 511
    TNS-00511: No listener
    nt secondary err code: 61
    nt OS err code: 0


***********************************************************************
Fatal NI connect error 12541, connecting to:
 (DESCRIPTION=(CONNECT_DATA=(SERVICE_NAME=CPAS)(CID=(PROGRAM=C:\php\php-8.1.13\php.exe)(HOST=CPAS2305)(USER=guillaume.cornez))(CONNECTION_ID=ctyWXDTeTrWmaOIm0h1IMQ==))(ADDRESS=(PROTOCOL=tcp)(HOST=10.9.1.24)(PORT=1521)))

  VERSION INFORMATION:
	TNS for 64-bit Windows: Version 21.0.0.0.0 - Production
	Windows NT TCP/IP NT Protocol Adapter for 64-bit Windows: Version 21.0.0.0.0 - Production
  Version 21.7.0.0.0
  Time: 08-JUL-2023 12:43:10
  Tracing not turned on. Process Id = 17852 - Thread Id = 7192
  Tns error struct:
    ns main err code: 12541
    TNS-12541: TNS:no listener
    ns secondary err code: 12560
    nt main err code: 511
    TNS-00511: No listener
    nt secondary err code: 61
    nt OS err code: 0


***********************************************************************
Fatal NI connect error 12541, connecting to:
 (DESCRIPTION=(CONNECT_DATA=(SERVICE_NAME=CPAS)(CID=(PROGRAM=C:\php\php-8.1.13\php.exe)(HOST=CPAS2305)(USER=guillaume.cornez))(CONNECTION_ID=fMCxc5w/ShCREbXgIcTeIA==))(ADDRESS=(PROTOCOL=tcp)(HOST=10.9.1.24)(PORT=1521)))

  VERSION INFORMATION:
	TNS for 64-bit Windows: Version 21.0.0.0.0 - Production
	Windows NT TCP/IP NT Protocol Adapter for 64-bit Windows: Version 21.0.0.0.0 - Production
  Version 21.7.0.0.0
  Time: 08-JUL-2023 12:44:31
  Tracing not turned on. Process Id = 17852 - Thread Id = 7192
  Tns error struct:
    ns main err code: 12541
    TNS-12541: TNS:no listener
    ns secondary err code: 12560
    nt main err code: 511
    TNS-00511: No listener
    nt secondary err code: 61
    nt OS err code: 0


***********************************************************************
Fatal NI connect error 12541, connecting to:
 (DESCRIPTION=(CONNECT_DATA=(SERVICE_NAME=CPAS)(CID=(PROGRAM=C:\php\php-8.1.13\php.exe)(HOST=CPAS2305)(USER=guillaume.cornez))(CONNECTION_ID=hMnM1qoETXqPt8apxqW0yQ==))(ADDRESS=(PROTOCOL=tcp)(HOST=10.9.1.24)(PORT=1521)))

  VERSION INFORMATION:
	TNS for 64-bit Windows: Version 21.0.0.0.0 - Production
	Windows NT TCP/IP NT Protocol Adapter for 64-bit Windows: Version 21.0.0.0.0 - Production
  Version 21.7.0.0.0
  Time: 08-JUL-2023 12:44:51
  Tracing not turned on. Process Id = 17852 - Thread Id = 7192
  Tns error struct:
    ns main err code: 12541
    TNS-12541: TNS:no listener
    ns secondary err code: 12560
    nt main err code: 511
    TNS-00511: No listener
    nt secondary err code: 61
    nt OS err code: 0


***********************************************************************
Fatal NI connect error 12541, connecting to:
 (DESCRIPTION=(CONNECT_DATA=(SERVICE_NAME=CPAS)(CID=(PROGRAM=C:\php\php-8.1.13\php.exe)(HOST=CPAS2305)(USER=guillaume.cornez))(CONNECTION_ID=buHDfKfjTMmsMRyT3TVfAg==))(ADDRESS=(PROTOCOL=tcp)(HOST=10.9.1.24)(PORT=1521)))

  VERSION INFORMATION:
	TNS for 64-bit Windows: Version 21.0.0.0.0 - Production
	Windows NT TCP/IP NT Protocol Adapter for 64-bit Windows: Version 21.0.0.0.0 - Production
  Version 21.7.0.0.0
  Time: 08-JUL-2023 12:48:18
  Tracing not turned on. Process Id = 17852 - Thread Id = 7192
  Tns error struct:
    ns main err code: 12541
    TNS-12541: TNS:no listener
    ns secondary err code: 12560
    nt main err code: 511
    TNS-00511: No listener
    nt secondary err code: 61
    nt OS err code: 0


***********************************************************************
Fatal NI connect error 12541, connecting to:
 (DESCRIPTION=(CONNECT_DATA=(SERVICE_NAME=CPAS)(CID=(PROGRAM=C:\php\php-8.1.13\php.exe)(HOST=CPAS2305)(USER=guillaume.cornez))(CONNECTION_ID=pHaHUodKQFulj45TOxH3YA==))(ADDRESS=(PROTOCOL=tcp)(HOST=10.9.1.24)(PORT=1521)))

  VERSION INFORMATION:
	TNS for 64-bit Windows: Version 21.0.0.0.0 - Production
	Windows NT TCP/IP NT Protocol Adapter for 64-bit Windows: Version 21.0.0.0.0 - Production
  Version 21.7.0.0.0
  Time: 08-JUL-2023 12:48:38
  Tracing not turned on. Process Id = 17852 - Thread Id = 7192
  Tns error struct:
    ns main err code: 12541
    TNS-12541: TNS:no listener
    ns secondary err code: 12560
    nt main err code: 511
    TNS-00511: No listener
    nt secondary err code: 61
    nt OS err code: 0
